21:54:09 INFO  : Registering command handlers for SDK TCF services
21:54:09 INFO  : Launching XSCT server: xsct.bat -interactive E:\zynq_project\axi_dma\axi_dma\axi_dma.sdk\temp_xsdb_launch_script.tcl
21:54:10 INFO  : XSCT server has started successfully.
21:54:10 INFO  : Successfully done setting XSCT server connection channel  
21:54:10 INFO  : Successfully done setting SDK workspace  
21:54:10 INFO  : Processing command line option -hwspec E:/zynq_project/axi_dma/axi_dma/axi_dma.sdk/system_wrapper.hdf.
21:56:50 INFO  : 'targets -set -filter {jtag_cable_name =~ "Digilent JTAG-SMT2 C305A3E6ABCD" && level==0} -index 1' command is executed.
21:56:50 INFO  : 'fpga -state' command is executed.
21:56:50 INFO  : Connected to target on host '127.0.0.1' and port '3121'.
21:56:50 INFO  : Jtag cable 'Digilent JTAG-SMT2 C305A3E6ABCD' is selected.
21:56:50 INFO  : 'jtag frequency' command is executed.
21:56:50 INFO  : Sourcing of 'E:/zynq_project/axi_dma/axi_dma/axi_dma.sdk/system_wrapper_hw_platform_0/ps7_init.tcl' is done.
21:56:50 INFO  : Context for 'APU' is selected.
21:56:50 INFO  : Hardware design information is loaded from 'E:/zynq_project/axi_dma/axi_dma/axi_dma.sdk/system_wrapper_hw_platform_0/system.hdf'.
21:56:50 INFO  : 'configparams force-mem-access 1' command is executed.
21:56:50 INFO  : Context for 'APU' is selected.
21:56:50 INFO  : 'stop' command is executed.
21:56:50 INFO  : 'ps7_init' command is executed.
21:56:50 INFO  : 'ps7_post_config' command is executed.
21:56:51 INFO  : Context for processor 'ps7_cortexa9_0' is selected.
21:56:51 INFO  : Processor reset is completed for 'ps7_cortexa9_0'.
21:56:51 INFO  : Context for processor 'ps7_cortexa9_0' is selected.
21:56:51 INFO  : The application 'E:/zynq_project/axi_dma/axi_dma/axi_dma.sdk/axi_dma/Debug/axi_dma.elf' is downloaded to processor 'ps7_cortexa9_0'.
21:56:51 INFO  : 'configparams force-mem-access 0' command is executed.
21:56:51 INFO  : ----------------XSDB Script----------------
connect -url tcp:127.0.0.1:3121
source E:/zynq_project/axi_dma/axi_dma/axi_dma.sdk/system_wrapper_hw_platform_0/ps7_init.tcl
targets -set -nocase -filter {name =~"APU*" && jtag_cable_name =~ "Digilent JTAG-SMT2 C305A3E6ABCD"} -index 0
loadhw -hw E:/zynq_project/axi_dma/axi_dma/axi_dma.sdk/system_wrapper_hw_platform_0/system.hdf -mem-ranges [list {0x40000000 0xbfffffff}]
configparams force-mem-access 1
targets -set -nocase -filter {name =~"APU*" && jtag_cable_name =~ "Digilent JTAG-SMT2 C305A3E6ABCD"} -index 0
stop
ps7_init
ps7_post_config
targets -set -nocase -filter {name =~ "ARM*#0" && jtag_cable_name =~ "Digilent JTAG-SMT2 C305A3E6ABCD"} -index 0
rst -processor
targets -set -nocase -filter {name =~ "ARM*#0" && jtag_cable_name =~ "Digilent JTAG-SMT2 C305A3E6ABCD"} -index 0
dow E:/zynq_project/axi_dma/axi_dma/axi_dma.sdk/axi_dma/Debug/axi_dma.elf
configparams force-mem-access 0
----------------End of Script----------------

21:56:51 INFO  : Memory regions updated for context APU
21:56:51 INFO  : Context for processor 'ps7_cortexa9_0' is selected.
21:56:51 INFO  : 'con' command is executed.
21:56:51 INFO  : ----------------XSDB Script (After Launch)----------------
targets -set -nocase -filter {name =~ "ARM*#0" && jtag_cable_name =~ "Digilent JTAG-SMT2 C305A3E6ABCD"} -index 0
con
----------------End of Script----------------

21:56:51 INFO  : Launch script is exported to file 'E:\zynq_project\axi_dma\axi_dma\axi_dma.sdk\.sdk\launch_scripts\xilinx_c-c++_application_(system_debugger)\system_debugger_using_debug_axi_dma.elf_on_local.tcl'
21:58:06 INFO  : Disconnected from the channel tcfchan#1.
21:58:07 INFO  : 'targets -set -filter {jtag_cable_name =~ "Digilent JTAG-SMT2 C305A3E6ABCD" && level==0} -index 1' command is executed.
21:58:07 INFO  : 'fpga -state' command is executed.
21:58:07 INFO  : Connected to target on host '127.0.0.1' and port '3121'.
21:58:07 INFO  : Jtag cable 'Digilent JTAG-SMT2 C305A3E6ABCD' is selected.
21:58:07 INFO  : 'jtag frequency' command is executed.
21:58:07 INFO  : Sourcing of 'E:/zynq_project/axi_dma/axi_dma/axi_dma.sdk/system_wrapper_hw_platform_0/ps7_init.tcl' is done.
21:58:07 INFO  : Context for 'APU' is selected.
21:58:08 INFO  : Hardware design information is loaded from 'E:/zynq_project/axi_dma/axi_dma/axi_dma.sdk/system_wrapper_hw_platform_0/system.hdf'.
21:58:08 INFO  : 'configparams force-mem-access 1' command is executed.
21:58:08 INFO  : Context for 'APU' is selected.
21:58:08 INFO  : 'stop' command is executed.
21:58:08 INFO  : 'ps7_init' command is executed.
21:58:08 INFO  : 'ps7_post_config' command is executed.
21:58:08 INFO  : Context for processor 'ps7_cortexa9_0' is selected.
21:58:08 INFO  : Processor reset is completed for 'ps7_cortexa9_0'.
21:58:08 INFO  : Context for processor 'ps7_cortexa9_0' is selected.
21:58:08 INFO  : The application 'E:/zynq_project/axi_dma/axi_dma/axi_dma.sdk/axi_dma/Debug/axi_dma.elf' is downloaded to processor 'ps7_cortexa9_0'.
21:58:08 INFO  : 'configparams force-mem-access 0' command is executed.
21:58:08 INFO  : ----------------XSDB Script----------------
connect -url tcp:127.0.0.1:3121
source E:/zynq_project/axi_dma/axi_dma/axi_dma.sdk/system_wrapper_hw_platform_0/ps7_init.tcl
targets -set -nocase -filter {name =~"APU*" && jtag_cable_name =~ "Digilent JTAG-SMT2 C305A3E6ABCD"} -index 0
loadhw -hw E:/zynq_project/axi_dma/axi_dma/axi_dma.sdk/system_wrapper_hw_platform_0/system.hdf -mem-ranges [list {0x40000000 0xbfffffff}]
configparams force-mem-access 1
targets -set -nocase -filter {name =~"APU*" && jtag_cable_name =~ "Digilent JTAG-SMT2 C305A3E6ABCD"} -index 0
stop
ps7_init
ps7_post_config
targets -set -nocase -filter {name =~ "ARM*#0" && jtag_cable_name =~ "Digilent JTAG-SMT2 C305A3E6ABCD"} -index 0
rst -processor
targets -set -nocase -filter {name =~ "ARM*#0" && jtag_cable_name =~ "Digilent JTAG-SMT2 C305A3E6ABCD"} -index 0
dow E:/zynq_project/axi_dma/axi_dma/axi_dma.sdk/axi_dma/Debug/axi_dma.elf
configparams force-mem-access 0
----------------End of Script----------------

21:58:08 INFO  : Memory regions updated for context APU
21:58:08 INFO  : Context for processor 'ps7_cortexa9_0' is selected.
21:58:08 INFO  : 'con' command is executed.
21:58:08 INFO  : ----------------XSDB Script (After Launch)----------------
targets -set -nocase -filter {name =~ "ARM*#0" && jtag_cable_name =~ "Digilent JTAG-SMT2 C305A3E6ABCD"} -index 0
con
----------------End of Script----------------

21:58:08 INFO  : Launch script is exported to file 'E:\zynq_project\axi_dma\axi_dma\axi_dma.sdk\.sdk\launch_scripts\xilinx_c-c++_application_(system_debugger)\system_debugger_using_debug_axi_dma.elf_on_local.tcl'
21:58:19 INFO  : Disconnected from the channel tcfchan#2.
21:58:21 INFO  : 'targets -set -filter {jtag_cable_name =~ "Digilent JTAG-SMT2 C305A3E6ABCD" && level==0} -index 1' command is executed.
21:58:21 INFO  : 'fpga -state' command is executed.
21:58:21 INFO  : Connected to target on host '127.0.0.1' and port '3121'.
21:58:21 INFO  : Jtag cable 'Digilent JTAG-SMT2 C305A3E6ABCD' is selected.
21:58:21 INFO  : 'jtag frequency' command is executed.
21:58:21 INFO  : Sourcing of 'E:/zynq_project/axi_dma/axi_dma/axi_dma.sdk/system_wrapper_hw_platform_0/ps7_init.tcl' is done.
21:58:21 INFO  : Context for 'APU' is selected.
21:58:21 INFO  : Hardware design information is loaded from 'E:/zynq_project/axi_dma/axi_dma/axi_dma.sdk/system_wrapper_hw_platform_0/system.hdf'.
21:58:21 INFO  : 'configparams force-mem-access 1' command is executed.
21:58:21 INFO  : Context for 'APU' is selected.
21:58:21 INFO  : 'stop' command is executed.
21:58:22 INFO  : 'ps7_init' command is executed.
21:58:22 INFO  : 'ps7_post_config' command is executed.
21:58:22 INFO  : Context for processor 'ps7_cortexa9_0' is selected.
21:58:22 INFO  : Processor reset is completed for 'ps7_cortexa9_0'.
21:58:22 INFO  : Context for processor 'ps7_cortexa9_0' is selected.
21:58:22 INFO  : The application 'E:/zynq_project/axi_dma/axi_dma/axi_dma.sdk/axi_dma/Debug/axi_dma.elf' is downloaded to processor 'ps7_cortexa9_0'.
21:58:22 INFO  : 'configparams force-mem-access 0' command is executed.
21:58:22 INFO  : ----------------XSDB Script----------------
connect -url tcp:127.0.0.1:3121
source E:/zynq_project/axi_dma/axi_dma/axi_dma.sdk/system_wrapper_hw_platform_0/ps7_init.tcl
targets -set -nocase -filter {name =~"APU*" && jtag_cable_name =~ "Digilent JTAG-SMT2 C305A3E6ABCD"} -index 0
loadhw -hw E:/zynq_project/axi_dma/axi_dma/axi_dma.sdk/system_wrapper_hw_platform_0/system.hdf -mem-ranges [list {0x40000000 0xbfffffff}]
configparams force-mem-access 1
targets -set -nocase -filter {name =~"APU*" && jtag_cable_name =~ "Digilent JTAG-SMT2 C305A3E6ABCD"} -index 0
stop
ps7_init
ps7_post_config
targets -set -nocase -filter {name =~ "ARM*#0" && jtag_cable_name =~ "Digilent JTAG-SMT2 C305A3E6ABCD"} -index 0
rst -processor
targets -set -nocase -filter {name =~ "ARM*#0" && jtag_cable_name =~ "Digilent JTAG-SMT2 C305A3E6ABCD"} -index 0
dow E:/zynq_project/axi_dma/axi_dma/axi_dma.sdk/axi_dma/Debug/axi_dma.elf
configparams force-mem-access 0
----------------End of Script----------------

21:58:22 INFO  : Memory regions updated for context APU
21:58:22 INFO  : Context for processor 'ps7_cortexa9_0' is selected.
21:58:22 INFO  : 'con' command is executed.
21:58:22 INFO  : ----------------XSDB Script (After Launch)----------------
targets -set -nocase -filter {name =~ "ARM*#0" && jtag_cable_name =~ "Digilent JTAG-SMT2 C305A3E6ABCD"} -index 0
con
----------------End of Script----------------

21:58:22 INFO  : Launch script is exported to file 'E:\zynq_project\axi_dma\axi_dma\axi_dma.sdk\.sdk\launch_scripts\xilinx_c-c++_application_(system_debugger)\system_debugger_using_debug_axi_dma.elf_on_local.tcl'
21:58:49 INFO  : Disconnected from the channel tcfchan#3.
21:58:50 INFO  : 'targets -set -filter {jtag_cable_name =~ "Digilent JTAG-SMT2 C305A3E6ABCD" && level==0} -index 1' command is executed.
21:58:50 INFO  : 'fpga -state' command is executed.
21:58:50 INFO  : Connected to target on host '127.0.0.1' and port '3121'.
21:58:50 INFO  : Jtag cable 'Digilent JTAG-SMT2 C305A3E6ABCD' is selected.
21:58:50 INFO  : 'jtag frequency' command is executed.
21:58:50 INFO  : Sourcing of 'E:/zynq_project/axi_dma/axi_dma/axi_dma.sdk/system_wrapper_hw_platform_0/ps7_init.tcl' is done.
21:58:50 INFO  : Context for 'APU' is selected.
21:58:51 INFO  : Hardware design information is loaded from 'E:/zynq_project/axi_dma/axi_dma/axi_dma.sdk/system_wrapper_hw_platform_0/system.hdf'.
21:58:51 INFO  : 'configparams force-mem-access 1' command is executed.
21:58:51 INFO  : Context for 'APU' is selected.
21:58:51 INFO  : 'stop' command is executed.
21:58:52 INFO  : 'ps7_init' command is executed.
21:58:52 INFO  : 'ps7_post_config' command is executed.
21:58:52 INFO  : Context for processor 'ps7_cortexa9_0' is selected.
21:58:52 INFO  : Processor reset is completed for 'ps7_cortexa9_0'.
21:58:52 INFO  : Context for processor 'ps7_cortexa9_0' is selected.
21:58:52 INFO  : The application 'E:/zynq_project/axi_dma/axi_dma/axi_dma.sdk/axi_dma/Debug/axi_dma.elf' is downloaded to processor 'ps7_cortexa9_0'.
21:58:52 INFO  : 'configparams force-mem-access 0' command is executed.
21:58:52 INFO  : ----------------XSDB Script----------------
connect -url tcp:127.0.0.1:3121
source E:/zynq_project/axi_dma/axi_dma/axi_dma.sdk/system_wrapper_hw_platform_0/ps7_init.tcl
targets -set -nocase -filter {name =~"APU*" && jtag_cable_name =~ "Digilent JTAG-SMT2 C305A3E6ABCD"} -index 0
loadhw -hw E:/zynq_project/axi_dma/axi_dma/axi_dma.sdk/system_wrapper_hw_platform_0/system.hdf -mem-ranges [list {0x40000000 0xbfffffff}]
configparams force-mem-access 1
targets -set -nocase -filter {name =~"APU*" && jtag_cable_name =~ "Digilent JTAG-SMT2 C305A3E6ABCD"} -index 0
stop
ps7_init
ps7_post_config
targets -set -nocase -filter {name =~ "ARM*#0" && jtag_cable_name =~ "Digilent JTAG-SMT2 C305A3E6ABCD"} -index 0
rst -processor
targets -set -nocase -filter {name =~ "ARM*#0" && jtag_cable_name =~ "Digilent JTAG-SMT2 C305A3E6ABCD"} -index 0
dow E:/zynq_project/axi_dma/axi_dma/axi_dma.sdk/axi_dma/Debug/axi_dma.elf
configparams force-mem-access 0
----------------End of Script----------------

21:58:52 INFO  : Memory regions updated for context APU
21:58:52 INFO  : Context for processor 'ps7_cortexa9_0' is selected.
21:58:52 INFO  : 'con' command is executed.
21:58:52 INFO  : ----------------XSDB Script (After Launch)----------------
targets -set -nocase -filter {name =~ "ARM*#0" && jtag_cable_name =~ "Digilent JTAG-SMT2 C305A3E6ABCD"} -index 0
con
----------------End of Script----------------

21:58:52 INFO  : Launch script is exported to file 'E:\zynq_project\axi_dma\axi_dma\axi_dma.sdk\.sdk\launch_scripts\xilinx_c-c++_application_(system_debugger)\system_debugger_using_debug_axi_dma.elf_on_local.tcl'
22:01:16 INFO  : Example project axi_dma_bsp_xaxidma_example_sg_poll_1 has been created successfully.
22:02:17 INFO  : Example project axi_dma_bsp_xaxidma_example_simple_intr_1 has been created successfully.
22:02:47 INFO  : Disconnected from the channel tcfchan#4.
22:02:48 INFO  : 'targets -set -filter {jtag_cable_name =~ "Digilent JTAG-SMT2 C305A3E6ABCD" && level==0} -index 1' command is executed.
22:02:48 INFO  : 'fpga -state' command is executed.
22:02:48 INFO  : Connected to target on host '127.0.0.1' and port '3121'.
22:02:48 INFO  : Jtag cable 'Digilent JTAG-SMT2 C305A3E6ABCD' is selected.
22:02:48 INFO  : 'jtag frequency' command is executed.
22:02:48 INFO  : Sourcing of 'E:/zynq_project/axi_dma/axi_dma/axi_dma.sdk/system_wrapper_hw_platform_0/ps7_init.tcl' is done.
22:02:48 INFO  : Context for 'APU' is selected.
22:02:49 INFO  : Hardware design information is loaded from 'E:/zynq_project/axi_dma/axi_dma/axi_dma.sdk/system_wrapper_hw_platform_0/system.hdf'.
22:02:49 INFO  : 'configparams force-mem-access 1' command is executed.
22:02:49 INFO  : Context for 'APU' is selected.
22:02:49 INFO  : 'stop' command is executed.
22:02:50 INFO  : 'ps7_init' command is executed.
22:02:50 INFO  : 'ps7_post_config' command is executed.
22:02:50 INFO  : Context for processor 'ps7_cortexa9_0' is selected.
22:02:50 INFO  : Processor reset is completed for 'ps7_cortexa9_0'.
22:02:50 INFO  : Context for processor 'ps7_cortexa9_0' is selected.
22:02:50 INFO  : The application 'E:/zynq_project/axi_dma/axi_dma/axi_dma.sdk/axi_dma_bsp_xaxidma_example_simple_intr_1/Debug/axi_dma_bsp_xaxidma_example_simple_intr_1.elf' is downloaded to processor 'ps7_cortexa9_0'.
22:02:50 INFO  : 'configparams force-mem-access 0' command is executed.
22:02:50 INFO  : ----------------XSDB Script----------------
connect -url tcp:127.0.0.1:3121
source E:/zynq_project/axi_dma/axi_dma/axi_dma.sdk/system_wrapper_hw_platform_0/ps7_init.tcl
targets -set -nocase -filter {name =~"APU*" && jtag_cable_name =~ "Digilent JTAG-SMT2 C305A3E6ABCD"} -index 0
loadhw -hw E:/zynq_project/axi_dma/axi_dma/axi_dma.sdk/system_wrapper_hw_platform_0/system.hdf -mem-ranges [list {0x40000000 0xbfffffff}]
configparams force-mem-access 1
targets -set -nocase -filter {name =~"APU*" && jtag_cable_name =~ "Digilent JTAG-SMT2 C305A3E6ABCD"} -index 0
stop
ps7_init
ps7_post_config
targets -set -nocase -filter {name =~ "ARM*#0" && jtag_cable_name =~ "Digilent JTAG-SMT2 C305A3E6ABCD"} -index 0
rst -processor
targets -set -nocase -filter {name =~ "ARM*#0" && jtag_cable_name =~ "Digilent JTAG-SMT2 C305A3E6ABCD"} -index 0
dow E:/zynq_project/axi_dma/axi_dma/axi_dma.sdk/axi_dma_bsp_xaxidma_example_simple_intr_1/Debug/axi_dma_bsp_xaxidma_example_simple_intr_1.elf
configparams force-mem-access 0
----------------End of Script----------------

22:02:50 INFO  : Memory regions updated for context APU
22:02:50 INFO  : Context for processor 'ps7_cortexa9_0' is selected.
22:02:50 INFO  : 'con' command is executed.
22:02:50 INFO  : ----------------XSDB Script (After Launch)----------------
targets -set -nocase -filter {name =~ "ARM*#0" && jtag_cable_name =~ "Digilent JTAG-SMT2 C305A3E6ABCD"} -index 0
con
----------------End of Script----------------

22:02:50 INFO  : Launch script is exported to file 'E:\zynq_project\axi_dma\axi_dma\axi_dma.sdk\.sdk\launch_scripts\xilinx_c-c++_application_(system_debugger)\system_debugger_using_debug_axi_dma_bsp_xaxidma_example_simple_intr_1.elf_on_local.tcl'
22:08:05 INFO  : Disconnected from the channel tcfchan#5.
22:08:07 INFO  : 'targets -set -filter {jtag_cable_name =~ "Digilent JTAG-SMT2 C305A3E6ABCD" && level==0} -index 1' command is executed.
22:08:07 INFO  : 'fpga -state' command is executed.
22:08:07 INFO  : Connected to target on host '127.0.0.1' and port '3121'.
22:08:07 INFO  : Jtag cable 'Digilent JTAG-SMT2 C305A3E6ABCD' is selected.
22:08:07 INFO  : 'jtag frequency' command is executed.
22:08:07 INFO  : Sourcing of 'E:/zynq_project/axi_dma/axi_dma/axi_dma.sdk/system_wrapper_hw_platform_0/ps7_init.tcl' is done.
22:08:07 INFO  : Context for 'APU' is selected.
22:08:07 INFO  : Hardware design information is loaded from 'E:/zynq_project/axi_dma/axi_dma/axi_dma.sdk/system_wrapper_hw_platform_0/system.hdf'.
22:08:07 INFO  : 'configparams force-mem-access 1' command is executed.
22:08:07 INFO  : Context for 'APU' is selected.
22:08:07 INFO  : 'stop' command is executed.
22:08:08 INFO  : 'ps7_init' command is executed.
22:08:08 INFO  : 'ps7_post_config' command is executed.
22:08:08 INFO  : Context for processor 'ps7_cortexa9_0' is selected.
22:08:08 INFO  : Processor reset is completed for 'ps7_cortexa9_0'.
22:08:08 INFO  : Context for processor 'ps7_cortexa9_0' is selected.
22:08:08 INFO  : The application 'E:/zynq_project/axi_dma/axi_dma/axi_dma.sdk/axi_dma_bsp_xaxidma_example_simple_intr_1/Debug/axi_dma_bsp_xaxidma_example_simple_intr_1.elf' is downloaded to processor 'ps7_cortexa9_0'.
22:08:08 INFO  : 'configparams force-mem-access 0' command is executed.
22:08:08 INFO  : ----------------XSDB Script----------------
connect -url tcp:127.0.0.1:3121
source E:/zynq_project/axi_dma/axi_dma/axi_dma.sdk/system_wrapper_hw_platform_0/ps7_init.tcl
targets -set -nocase -filter {name =~"APU*" && jtag_cable_name =~ "Digilent JTAG-SMT2 C305A3E6ABCD"} -index 0
loadhw -hw E:/zynq_project/axi_dma/axi_dma/axi_dma.sdk/system_wrapper_hw_platform_0/system.hdf -mem-ranges [list {0x40000000 0xbfffffff}]
configparams force-mem-access 1
targets -set -nocase -filter {name =~"APU*" && jtag_cable_name =~ "Digilent JTAG-SMT2 C305A3E6ABCD"} -index 0
stop
ps7_init
ps7_post_config
targets -set -nocase -filter {name =~ "ARM*#0" && jtag_cable_name =~ "Digilent JTAG-SMT2 C305A3E6ABCD"} -index 0
rst -processor
targets -set -nocase -filter {name =~ "ARM*#0" && jtag_cable_name =~ "Digilent JTAG-SMT2 C305A3E6ABCD"} -index 0
dow E:/zynq_project/axi_dma/axi_dma/axi_dma.sdk/axi_dma_bsp_xaxidma_example_simple_intr_1/Debug/axi_dma_bsp_xaxidma_example_simple_intr_1.elf
configparams force-mem-access 0
----------------End of Script----------------

22:08:08 INFO  : Memory regions updated for context APU
22:08:08 INFO  : Context for processor 'ps7_cortexa9_0' is selected.
22:08:08 INFO  : 'con' command is executed.
22:08:08 INFO  : ----------------XSDB Script (After Launch)----------------
targets -set -nocase -filter {name =~ "ARM*#0" && jtag_cable_name =~ "Digilent JTAG-SMT2 C305A3E6ABCD"} -index 0
con
----------------End of Script----------------

22:08:08 INFO  : Launch script is exported to file 'E:\zynq_project\axi_dma\axi_dma\axi_dma.sdk\.sdk\launch_scripts\xilinx_c-c++_application_(system_debugger)\system_debugger_using_debug_axi_dma_bsp_xaxidma_example_simple_intr_1.elf_on_local.tcl'
22:11:14 INFO  : Disconnected from the channel tcfchan#6.
22:11:15 INFO  : Connected to target on host '127.0.0.1' and port '3121'.
22:11:15 INFO  : Jtag cable 'Digilent JTAG-SMT2 C305A3E6ABCD' is selected.
22:11:15 INFO  : 'jtag frequency' command is executed.
22:11:15 INFO  : Sourcing of 'E:/zynq_project/axi_dma/axi_dma/axi_dma.sdk/system_wrapper_hw_platform_0/ps7_init.tcl' is done.
22:11:15 INFO  : Context for 'APU' is selected.
22:11:16 INFO  : System reset is completed.
22:11:19 INFO  : 'after 3000' command is executed.
22:11:19 INFO  : 'targets -set -filter {jtag_cable_name =~ "Digilent JTAG-SMT2 C305A3E6ABCD" && level==0} -index 1' command is executed.
22:11:20 INFO  : FPGA configured successfully with bitstream "E:/zynq_project/axi_dma/axi_dma/axi_dma.sdk/system_wrapper_hw_platform_0/system_wrapper.bit"
22:11:20 INFO  : Context for 'APU' is selected.
22:11:21 INFO  : Hardware design information is loaded from 'E:/zynq_project/axi_dma/axi_dma/axi_dma.sdk/system_wrapper_hw_platform_0/system.hdf'.
22:11:21 INFO  : 'configparams force-mem-access 1' command is executed.
22:11:21 INFO  : Context for 'APU' is selected.
22:11:21 INFO  : 'ps7_init' command is executed.
22:11:21 INFO  : 'ps7_post_config' command is executed.
22:11:21 INFO  : Context for processor 'ps7_cortexa9_0' is selected.
22:11:22 INFO  : The application 'E:/zynq_project/axi_dma/axi_dma/axi_dma.sdk/axi_dma_bsp_xaxidma_example_simple_intr_1/Debug/axi_dma_bsp_xaxidma_example_simple_intr_1.elf' is downloaded to processor 'ps7_cortexa9_0'.
22:11:22 INFO  : 'configparams force-mem-access 0' command is executed.
22:11:22 INFO  : ----------------XSDB Script----------------
connect -url tcp:127.0.0.1:3121
source E:/zynq_project/axi_dma/axi_dma/axi_dma.sdk/system_wrapper_hw_platform_0/ps7_init.tcl
targets -set -nocase -filter {name =~"APU*" && jtag_cable_name =~ "Digilent JTAG-SMT2 C305A3E6ABCD"} -index 0
rst -system
after 3000
targets -set -filter {jtag_cable_name =~ "Digilent JTAG-SMT2 C305A3E6ABCD" && level==0} -index 1
fpga -file E:/zynq_project/axi_dma/axi_dma/axi_dma.sdk/system_wrapper_hw_platform_0/system_wrapper.bit
targets -set -nocase -filter {name =~"APU*" && jtag_cable_name =~ "Digilent JTAG-SMT2 C305A3E6ABCD"} -index 0
loadhw -hw E:/zynq_project/axi_dma/axi_dma/axi_dma.sdk/system_wrapper_hw_platform_0/system.hdf -mem-ranges [list {0x40000000 0xbfffffff}]
configparams force-mem-access 1
targets -set -nocase -filter {name =~"APU*" && jtag_cable_name =~ "Digilent JTAG-SMT2 C305A3E6ABCD"} -index 0
ps7_init
ps7_post_config
targets -set -nocase -filter {name =~ "ARM*#0" && jtag_cable_name =~ "Digilent JTAG-SMT2 C305A3E6ABCD"} -index 0
dow E:/zynq_project/axi_dma/axi_dma/axi_dma.sdk/axi_dma_bsp_xaxidma_example_simple_intr_1/Debug/axi_dma_bsp_xaxidma_example_simple_intr_1.elf
configparams force-mem-access 0
----------------End of Script----------------

22:11:22 INFO  : Memory regions updated for context APU
22:11:22 INFO  : Launch script is exported to file 'E:\zynq_project\axi_dma\axi_dma\axi_dma.sdk\.sdk\launch_scripts\xilinx_c-c++_application_(system_debugger)\system_debugger_using_debug_axi_dma_bsp_xaxidma_example_simple_intr_1.elf_on_local.tcl'
22:14:52 INFO  : Disconnected from the channel tcfchan#7.
22:15:06 INFO  : Registering command handlers for SDK TCF services
22:15:06 INFO  : Launching XSCT server: xsct.bat -interactive E:\zynq_project\axi_dma\axi_dma\axi_dma.sdk\temp_xsdb_launch_script.tcl
22:15:07 INFO  : XSCT server has started successfully.
22:15:07 INFO  : Successfully done setting XSCT server connection channel  
22:15:07 INFO  : Successfully done setting SDK workspace  
22:15:07 INFO  : Processing command line option -hwspec E:/zynq_project/axi_dma/axi_dma/axi_dma.sdk/system_wrapper.hdf.
22:15:08 INFO  : Checking for hwspec changes in the project system_wrapper_hw_platform_0.
22:19:13 INFO  : Connected to target on host '127.0.0.1' and port '3121'.
22:19:13 INFO  : Jtag cable 'Digilent JTAG-SMT2 C305A3E6ABCD' is selected.
22:19:13 INFO  : 'jtag frequency' command is executed.
22:19:13 INFO  : Sourcing of 'E:/zynq_project/axi_dma/axi_dma/axi_dma.sdk/system_wrapper_hw_platform_0/ps7_init.tcl' is done.
22:19:13 INFO  : Context for 'APU' is selected.
22:19:14 INFO  : System reset is completed.
22:19:17 INFO  : 'after 3000' command is executed.
22:19:17 INFO  : 'targets -set -filter {jtag_cable_name =~ "Digilent JTAG-SMT2 C305A3E6ABCD" && level==0} -index 1' command is executed.
22:19:18 INFO  : FPGA configured successfully with bitstream "E:/zynq_project/axi_dma/axi_dma/axi_dma.sdk/system_wrapper_hw_platform_0/system_wrapper.bit"
22:19:18 INFO  : Context for 'APU' is selected.
22:19:18 INFO  : Hardware design information is loaded from 'E:/zynq_project/axi_dma/axi_dma/axi_dma.sdk/system_wrapper_hw_platform_0/system.hdf'.
22:19:18 INFO  : 'configparams force-mem-access 1' command is executed.
22:19:18 INFO  : Context for 'APU' is selected.
22:19:18 INFO  : 'ps7_init' command is executed.
22:19:18 INFO  : 'ps7_post_config' command is executed.
22:19:18 INFO  : Context for processor 'ps7_cortexa9_0' is selected.
22:19:19 INFO  : The application 'E:/zynq_project/axi_dma/axi_dma/axi_dma.sdk/axi_dma_bsp_xaxidma_example_simple_intr_1/Debug/axi_dma_bsp_xaxidma_example_simple_intr_1.elf' is downloaded to processor 'ps7_cortexa9_0'.
22:19:19 INFO  : 'configparams force-mem-access 0' command is executed.
22:19:19 INFO  : ----------------XSDB Script----------------
connect -url tcp:127.0.0.1:3121
source E:/zynq_project/axi_dma/axi_dma/axi_dma.sdk/system_wrapper_hw_platform_0/ps7_init.tcl
targets -set -nocase -filter {name =~"APU*" && jtag_cable_name =~ "Digilent JTAG-SMT2 C305A3E6ABCD"} -index 0
rst -system
after 3000
targets -set -filter {jtag_cable_name =~ "Digilent JTAG-SMT2 C305A3E6ABCD" && level==0} -index 1
fpga -file E:/zynq_project/axi_dma/axi_dma/axi_dma.sdk/system_wrapper_hw_platform_0/system_wrapper.bit
targets -set -nocase -filter {name =~"APU*" && jtag_cable_name =~ "Digilent JTAG-SMT2 C305A3E6ABCD"} -index 0
loadhw -hw E:/zynq_project/axi_dma/axi_dma/axi_dma.sdk/system_wrapper_hw_platform_0/system.hdf -mem-ranges [list {0x40000000 0xbfffffff}]
configparams force-mem-access 1
targets -set -nocase -filter {name =~"APU*" && jtag_cable_name =~ "Digilent JTAG-SMT2 C305A3E6ABCD"} -index 0
ps7_init
ps7_post_config
targets -set -nocase -filter {name =~ "ARM*#0" && jtag_cable_name =~ "Digilent JTAG-SMT2 C305A3E6ABCD"} -index 0
dow E:/zynq_project/axi_dma/axi_dma/axi_dma.sdk/axi_dma_bsp_xaxidma_example_simple_intr_1/Debug/axi_dma_bsp_xaxidma_example_simple_intr_1.elf
configparams force-mem-access 0
----------------End of Script----------------

22:19:19 INFO  : Memory regions updated for context APU
22:19:19 INFO  : Launch script is exported to file 'E:\zynq_project\axi_dma\axi_dma\axi_dma.sdk\.sdk\launch_scripts\xilinx_c-c++_application_(system_debugger)\system_debugger_using_debug_axi_dma_bsp_xaxidma_example_simple_intr_1.elf_on_local.tcl'
22:24:23 INFO  : Disconnected from the channel tcfchan#1.
22:24:24 INFO  : Connected to target on host '127.0.0.1' and port '3121'.
22:24:24 INFO  : Jtag cable 'Digilent JTAG-SMT2 C305A3E6ABCD' is selected.
22:24:24 INFO  : 'jtag frequency' command is executed.
22:24:24 INFO  : Sourcing of 'E:/zynq_project/axi_dma/axi_dma/axi_dma.sdk/system_wrapper_hw_platform_0/ps7_init.tcl' is done.
22:24:24 INFO  : Context for 'APU' is selected.
22:24:25 INFO  : System reset is completed.
22:24:28 INFO  : 'after 3000' command is executed.
22:24:28 INFO  : 'targets -set -filter {jtag_cable_name =~ "Digilent JTAG-SMT2 C305A3E6ABCD" && level==0} -index 1' command is executed.
22:24:29 INFO  : FPGA configured successfully with bitstream "E:/zynq_project/axi_dma/axi_dma/axi_dma.sdk/system_wrapper_hw_platform_0/system_wrapper.bit"
22:24:29 INFO  : Context for 'APU' is selected.
22:24:29 INFO  : Hardware design information is loaded from 'E:/zynq_project/axi_dma/axi_dma/axi_dma.sdk/system_wrapper_hw_platform_0/system.hdf'.
22:24:29 INFO  : 'configparams force-mem-access 1' command is executed.
22:24:29 INFO  : Context for 'APU' is selected.
22:24:30 INFO  : 'ps7_init' command is executed.
22:24:30 INFO  : 'ps7_post_config' command is executed.
22:24:30 INFO  : Context for processor 'ps7_cortexa9_0' is selected.
22:24:30 INFO  : The application 'E:/zynq_project/axi_dma/axi_dma/axi_dma.sdk/axi_dma_bsp_xaxidma_example_simple_intr_1/Debug/axi_dma_bsp_xaxidma_example_simple_intr_1.elf' is downloaded to processor 'ps7_cortexa9_0'.
22:24:30 INFO  : 'configparams force-mem-access 0' command is executed.
22:24:30 INFO  : ----------------XSDB Script----------------
connect -url tcp:127.0.0.1:3121
source E:/zynq_project/axi_dma/axi_dma/axi_dma.sdk/system_wrapper_hw_platform_0/ps7_init.tcl
targets -set -nocase -filter {name =~"APU*" && jtag_cable_name =~ "Digilent JTAG-SMT2 C305A3E6ABCD"} -index 0
rst -system
after 3000
targets -set -filter {jtag_cable_name =~ "Digilent JTAG-SMT2 C305A3E6ABCD" && level==0} -index 1
fpga -file E:/zynq_project/axi_dma/axi_dma/axi_dma.sdk/system_wrapper_hw_platform_0/system_wrapper.bit
targets -set -nocase -filter {name =~"APU*" && jtag_cable_name =~ "Digilent JTAG-SMT2 C305A3E6ABCD"} -index 0
loadhw -hw E:/zynq_project/axi_dma/axi_dma/axi_dma.sdk/system_wrapper_hw_platform_0/system.hdf -mem-ranges [list {0x40000000 0xbfffffff}]
configparams force-mem-access 1
targets -set -nocase -filter {name =~"APU*" && jtag_cable_name =~ "Digilent JTAG-SMT2 C305A3E6ABCD"} -index 0
ps7_init
ps7_post_config
targets -set -nocase -filter {name =~ "ARM*#0" && jtag_cable_name =~ "Digilent JTAG-SMT2 C305A3E6ABCD"} -index 0
dow E:/zynq_project/axi_dma/axi_dma/axi_dma.sdk/axi_dma_bsp_xaxidma_example_simple_intr_1/Debug/axi_dma_bsp_xaxidma_example_simple_intr_1.elf
configparams force-mem-access 0
----------------End of Script----------------

22:24:30 INFO  : Memory regions updated for context APU
22:24:30 INFO  : Launch script is exported to file 'E:\zynq_project\axi_dma\axi_dma\axi_dma.sdk\.sdk\launch_scripts\xilinx_c-c++_application_(system_debugger)\system_debugger_using_debug_axi_dma_bsp_xaxidma_example_simple_intr_1.elf_on_local.tcl'
22:25:04 INFO  : Disconnected from the channel tcfchan#2.
