22:34:42 INFO  : Registering command handlers for SDK TCF services
22:34:42 INFO  : Launching XSCT server: xsct.bat -interactive E:\zynq_project\axi_dma\axi_dma_sg\axi_dma.sdk\temp_xsdb_launch_script.tcl
22:34:43 INFO  : XSCT server has started successfully.
22:34:43 INFO  : Successfully done setting XSCT server connection channel  
22:34:43 INFO  : Successfully done setting SDK workspace  
22:34:43 INFO  : Processing command line option -hwspec E:/zynq_project/axi_dma/axi_dma_sg/axi_dma.sdk/system_wrapper.hdf.
22:36:15 INFO  : Example project axidma_sg_bsp_xaxidma_example_sg_poll_1 has been created successfully.
22:37:22 INFO  : Connected to target on host '127.0.0.1' and port '3121'.
22:37:23 INFO  : Jtag cable 'Digilent JTAG-SMT2 C305A3E6ABCD' is selected.
22:37:23 INFO  : 'jtag frequency' command is executed.
22:37:23 INFO  : Sourcing of 'E:/zynq_project/axi_dma/axi_dma_sg/axi_dma.sdk/system_wrapper_hw_platform_0/ps7_init.tcl' is done.
22:37:23 INFO  : Context for 'APU' is selected.
22:37:23 INFO  : System reset is completed.
22:37:26 INFO  : 'after 3000' command is executed.
22:37:26 INFO  : 'targets -set -filter {jtag_cable_name =~ "Digilent JTAG-SMT2 C305A3E6ABCD" && level==0} -index 1' command is executed.
22:37:27 INFO  : FPGA configured successfully with bitstream "E:/zynq_project/axi_dma/axi_dma_sg/axi_dma.sdk/system_wrapper_hw_platform_0/system_wrapper.bit"
22:37:27 INFO  : Context for 'APU' is selected.
22:37:27 INFO  : Hardware design information is loaded from 'E:/zynq_project/axi_dma/axi_dma_sg/axi_dma.sdk/system_wrapper_hw_platform_0/system.hdf'.
22:37:27 INFO  : 'configparams force-mem-access 1' command is executed.
22:37:27 INFO  : Context for 'APU' is selected.
22:37:28 INFO  : 'ps7_init' command is executed.
22:37:28 INFO  : 'ps7_post_config' command is executed.
22:37:28 INFO  : Context for processor 'ps7_cortexa9_0' is selected.
22:37:28 INFO  : The application 'E:/zynq_project/axi_dma/axi_dma_sg/axi_dma.sdk/axidma_sg_bsp_xaxidma_example_sg_poll_1/Debug/axidma_sg_bsp_xaxidma_example_sg_poll_1.elf' is downloaded to processor 'ps7_cortexa9_0'.
22:37:28 INFO  : 'configparams force-mem-access 0' command is executed.
22:37:28 INFO  : ----------------XSDB Script----------------
connect -url tcp:127.0.0.1:3121
source E:/zynq_project/axi_dma/axi_dma_sg/axi_dma.sdk/system_wrapper_hw_platform_0/ps7_init.tcl
targets -set -nocase -filter {name =~"APU*" && jtag_cable_name =~ "Digilent JTAG-SMT2 C305A3E6ABCD"} -index 0
rst -system
after 3000
targets -set -filter {jtag_cable_name =~ "Digilent JTAG-SMT2 C305A3E6ABCD" && level==0} -index 1
fpga -file E:/zynq_project/axi_dma/axi_dma_sg/axi_dma.sdk/system_wrapper_hw_platform_0/system_wrapper.bit
targets -set -nocase -filter {name =~"APU*" && jtag_cable_name =~ "Digilent JTAG-SMT2 C305A3E6ABCD"} -index 0
loadhw -hw E:/zynq_project/axi_dma/axi_dma_sg/axi_dma.sdk/system_wrapper_hw_platform_0/system.hdf -mem-ranges [list {0x40000000 0xbfffffff}]
configparams force-mem-access 1
targets -set -nocase -filter {name =~"APU*" && jtag_cable_name =~ "Digilent JTAG-SMT2 C305A3E6ABCD"} -index 0
ps7_init
ps7_post_config
targets -set -nocase -filter {name =~ "ARM*#0" && jtag_cable_name =~ "Digilent JTAG-SMT2 C305A3E6ABCD"} -index 0
dow E:/zynq_project/axi_dma/axi_dma_sg/axi_dma.sdk/axidma_sg_bsp_xaxidma_example_sg_poll_1/Debug/axidma_sg_bsp_xaxidma_example_sg_poll_1.elf
configparams force-mem-access 0
----------------End of Script----------------

22:37:28 INFO  : Memory regions updated for context APU
22:37:28 INFO  : Context for processor 'ps7_cortexa9_0' is selected.
22:37:28 INFO  : 'con' command is executed.
22:37:28 INFO  : ----------------XSDB Script (After Launch)----------------
targets -set -nocase -filter {name =~ "ARM*#0" && jtag_cable_name =~ "Digilent JTAG-SMT2 C305A3E6ABCD"} -index 0
con
----------------End of Script----------------

22:37:28 INFO  : Launch script is exported to file 'E:\zynq_project\axi_dma\axi_dma_sg\axi_dma.sdk\.sdk\launch_scripts\xilinx_c-c++_application_(system_debugger)\system_debugger_on_local.tcl'
22:38:41 INFO  : Disconnected from the channel tcfchan#1.
22:38:42 INFO  : Connected to target on host '127.0.0.1' and port '3121'.
22:38:42 INFO  : Jtag cable 'Digilent JTAG-SMT2 C305A3E6ABCD' is selected.
22:38:42 INFO  : 'jtag frequency' command is executed.
22:38:42 INFO  : Sourcing of 'E:/zynq_project/axi_dma/axi_dma_sg/axi_dma.sdk/system_wrapper_hw_platform_0/ps7_init.tcl' is done.
22:38:42 INFO  : Context for 'APU' is selected.
22:38:43 INFO  : System reset is completed.
22:38:46 INFO  : 'after 3000' command is executed.
22:38:46 INFO  : 'targets -set -filter {jtag_cable_name =~ "Digilent JTAG-SMT2 C305A3E6ABCD" && level==0} -index 1' command is executed.
22:38:47 INFO  : FPGA configured successfully with bitstream "E:/zynq_project/axi_dma/axi_dma_sg/axi_dma.sdk/system_wrapper_hw_platform_0/system_wrapper.bit"
22:38:47 INFO  : Context for 'APU' is selected.
22:38:48 INFO  : Hardware design information is loaded from 'E:/zynq_project/axi_dma/axi_dma_sg/axi_dma.sdk/system_wrapper_hw_platform_0/system.hdf'.
22:38:48 INFO  : 'configparams force-mem-access 1' command is executed.
22:38:48 INFO  : Context for 'APU' is selected.
22:38:48 INFO  : 'ps7_init' command is executed.
22:38:48 INFO  : 'ps7_post_config' command is executed.
22:38:48 INFO  : Context for processor 'ps7_cortexa9_0' is selected.
22:38:48 INFO  : The application 'E:/zynq_project/axi_dma/axi_dma_sg/axi_dma.sdk/axidma_sg_bsp_xaxidma_example_sg_poll_1/Debug/axidma_sg_bsp_xaxidma_example_sg_poll_1.elf' is downloaded to processor 'ps7_cortexa9_0'.
22:38:48 INFO  : 'configparams force-mem-access 0' command is executed.
22:38:48 INFO  : ----------------XSDB Script----------------
connect -url tcp:127.0.0.1:3121
source E:/zynq_project/axi_dma/axi_dma_sg/axi_dma.sdk/system_wrapper_hw_platform_0/ps7_init.tcl
targets -set -nocase -filter {name =~"APU*" && jtag_cable_name =~ "Digilent JTAG-SMT2 C305A3E6ABCD"} -index 0
rst -system
after 3000
targets -set -filter {jtag_cable_name =~ "Digilent JTAG-SMT2 C305A3E6ABCD" && level==0} -index 1
fpga -file E:/zynq_project/axi_dma/axi_dma_sg/axi_dma.sdk/system_wrapper_hw_platform_0/system_wrapper.bit
targets -set -nocase -filter {name =~"APU*" && jtag_cable_name =~ "Digilent JTAG-SMT2 C305A3E6ABCD"} -index 0
loadhw -hw E:/zynq_project/axi_dma/axi_dma_sg/axi_dma.sdk/system_wrapper_hw_platform_0/system.hdf -mem-ranges [list {0x40000000 0xbfffffff}]
configparams force-mem-access 1
targets -set -nocase -filter {name =~"APU*" && jtag_cable_name =~ "Digilent JTAG-SMT2 C305A3E6ABCD"} -index 0
ps7_init
ps7_post_config
targets -set -nocase -filter {name =~ "ARM*#0" && jtag_cable_name =~ "Digilent JTAG-SMT2 C305A3E6ABCD"} -index 0
dow E:/zynq_project/axi_dma/axi_dma_sg/axi_dma.sdk/axidma_sg_bsp_xaxidma_example_sg_poll_1/Debug/axidma_sg_bsp_xaxidma_example_sg_poll_1.elf
configparams force-mem-access 0
----------------End of Script----------------

22:38:48 INFO  : Memory regions updated for context APU
22:38:49 INFO  : Context for processor 'ps7_cortexa9_0' is selected.
22:38:49 INFO  : 'con' command is executed.
22:38:49 INFO  : ----------------XSDB Script (After Launch)----------------
targets -set -nocase -filter {name =~ "ARM*#0" && jtag_cable_name =~ "Digilent JTAG-SMT2 C305A3E6ABCD"} -index 0
con
----------------End of Script----------------

22:38:49 INFO  : Launch script is exported to file 'E:\zynq_project\axi_dma\axi_dma_sg\axi_dma.sdk\.sdk\launch_scripts\xilinx_c-c++_application_(system_debugger)\system_debugger_on_local.tcl'
22:41:15 INFO  : Disconnected from the channel tcfchan#2.
