09:54:05 INFO  : Registering command handlers for SDK TCF services
09:54:05 INFO  : Launching XSCT server: xsct.bat -interactive E:\zynq_project\SDCard\SDCard\SDCard.sdk\temp_xsdb_launch_script.tcl
09:54:06 INFO  : XSCT server has started successfully.
09:54:06 INFO  : Successfully done setting XSCT server connection channel  
09:54:06 INFO  : Successfully done setting SDK workspace  
09:54:06 INFO  : Processing command line option -hwspec E:/zynq_project/SDCard/SDCard/SDCard.sdk/system_wrapper.hdf.
09:54:36 INFO  : Project 'system_hw_platform_0' created. You can now create BSPs and application projects targeting this hardware platform.
09:55:13 INFO  : Refreshed build settings on project demo
09:56:26 INFO  : Refreshed build settings on project demo
10:01:27 INFO  : Refreshed build settings on project demo
10:43:46 INFO  : Refreshed build settings on project demo
21:20:56 INFO  : Registering command handlers for SDK TCF services
21:20:57 INFO  : Launching XSCT server: xsct.bat -interactive E:\zynq_project\SDCard\SDCard\SDCard.sdk\temp_xsdb_launch_script.tcl
21:20:58 INFO  : XSCT server has started successfully.
21:20:58 INFO  : Successfully done setting XSCT server connection channel  
21:20:58 INFO  : Successfully done setting SDK workspace  
21:21:43 INFO  : Connected to target on host '127.0.0.1' and port '3121'.
21:21:43 INFO  : Jtag cable 'Digilent JTAG-SMT2 C305A3E6ABCD' is selected.
21:21:43 INFO  : 'jtag frequency' command is executed.
21:21:43 INFO  : Sourcing of 'E:/zynq_project/SDCard/SDCard/SDCard.sdk/system_wrapper_hw_platform_0/ps7_init.tcl' is done.
21:21:43 INFO  : Context for 'APU' is selected.
21:21:44 INFO  : System reset is completed.
21:21:47 INFO  : 'after 3000' command is executed.
21:21:47 INFO  : 'targets -set -filter {jtag_cable_name =~ "Digilent JTAG-SMT2 C305A3E6ABCD" && level==0} -index 1' command is executed.
21:21:48 INFO  : FPGA configured successfully with bitstream "E:/zynq_project/SDCard/SDCard/SDCard.sdk/system_wrapper_hw_platform_0/system_wrapper.bit"
21:21:48 INFO  : Context for 'APU' is selected.
21:21:48 INFO  : Hardware design information is loaded from 'E:/zynq_project/SDCard/SDCard/SDCard.sdk/system_wrapper_hw_platform_0/system.hdf'.
21:21:48 INFO  : 'configparams force-mem-access 1' command is executed.
21:21:48 INFO  : Context for 'APU' is selected.
21:21:48 INFO  : 'ps7_init' command is executed.
21:21:48 INFO  : 'ps7_post_config' command is executed.
21:21:48 INFO  : 'configparams force-mem-access 0' command is executed.
21:21:48 INFO  : ----------------XSDB Script----------------
connect -url tcp:127.0.0.1:3121
source E:/zynq_project/SDCard/SDCard/SDCard.sdk/system_wrapper_hw_platform_0/ps7_init.tcl
targets -set -nocase -filter {name =~"APU*" && jtag_cable_name =~ "Digilent JTAG-SMT2 C305A3E6ABCD"} -index 0
rst -system
after 3000
targets -set -filter {jtag_cable_name =~ "Digilent JTAG-SMT2 C305A3E6ABCD" && level==0} -index 1
fpga -file E:/zynq_project/SDCard/SDCard/SDCard.sdk/system_wrapper_hw_platform_0/system_wrapper.bit
targets -set -nocase -filter {name =~"APU*" && jtag_cable_name =~ "Digilent JTAG-SMT2 C305A3E6ABCD"} -index 0
loadhw -hw E:/zynq_project/SDCard/SDCard/SDCard.sdk/system_wrapper_hw_platform_0/system.hdf -mem-ranges [list {0x40000000 0xbfffffff}]
configparams force-mem-access 1
targets -set -nocase -filter {name =~"APU*" && jtag_cable_name =~ "Digilent JTAG-SMT2 C305A3E6ABCD"} -index 0
ps7_init
ps7_post_config
configparams force-mem-access 0
----------------End of Script----------------

21:21:48 INFO  : Memory regions updated for context APU
21:21:48 INFO  : Launch script is exported to file 'E:\zynq_project\SDCard\SDCard\SDCard.sdk\.sdk\launch_scripts\xilinx_c-c++_application_(system_debugger)\system_debugger_on_local.tcl'
21:24:27 INFO  : Disconnected from the channel tcfchan#1.
21:27:18 INFO  : Registering command handlers for SDK TCF services
21:27:18 INFO  : Launching XSCT server: xsct.bat -interactive E:\zynq_project\SDCard\SDCard\SDCard.sdk\temp_xsdb_launch_script.tcl
21:27:19 INFO  : XSCT server has started successfully.
21:27:19 INFO  : Successfully done setting XSCT server connection channel  
21:27:19 INFO  : Successfully done setting SDK workspace  
21:39:13 INFO  : Connected to target on host '127.0.0.1' and port '3121'.
21:39:14 INFO  : Jtag cable 'Digilent JTAG-SMT2 C305A3E6ABCD' is selected.
21:39:14 INFO  : 'jtag frequency' command is executed.
21:39:14 INFO  : Sourcing of 'E:/zynq_project/SDCard/SDCard/SDCard.sdk/system_wrapper_hw_platform_0/ps7_init.tcl' is done.
21:39:14 INFO  : Context for 'APU' is selected.
21:39:14 INFO  : System reset is completed.
21:39:17 INFO  : 'after 3000' command is executed.
21:39:17 INFO  : 'targets -set -filter {jtag_cable_name =~ "Digilent JTAG-SMT2 C305A3E6ABCD" && level==0} -index 1' command is executed.
21:39:18 INFO  : FPGA configured successfully with bitstream "E:/zynq_project/SDCard/SDCard/SDCard.sdk/system_wrapper_hw_platform_0/system_wrapper.bit"
21:39:18 INFO  : Context for 'APU' is selected.
21:39:18 INFO  : Hardware design information is loaded from 'E:/zynq_project/SDCard/SDCard/SDCard.sdk/system_wrapper_hw_platform_0/system.hdf'.
21:39:18 INFO  : 'configparams force-mem-access 1' command is executed.
21:39:18 INFO  : Context for 'APU' is selected.
21:39:19 INFO  : 'ps7_init' command is executed.
21:39:19 INFO  : 'ps7_post_config' command is executed.
21:39:19 INFO  : Context for processor 'ps7_cortexa9_0' is selected.
21:39:19 INFO  : The application 'E:/zynq_project/SDCard/SDCard/SDCard.sdk/demo/Debug/demo.elf' is downloaded to processor 'ps7_cortexa9_0'.
21:39:19 INFO  : 'configparams force-mem-access 0' command is executed.
21:39:19 INFO  : ----------------XSDB Script----------------
connect -url tcp:127.0.0.1:3121
source E:/zynq_project/SDCard/SDCard/SDCard.sdk/system_wrapper_hw_platform_0/ps7_init.tcl
targets -set -nocase -filter {name =~"APU*" && jtag_cable_name =~ "Digilent JTAG-SMT2 C305A3E6ABCD"} -index 0
rst -system
after 3000
targets -set -filter {jtag_cable_name =~ "Digilent JTAG-SMT2 C305A3E6ABCD" && level==0} -index 1
fpga -file E:/zynq_project/SDCard/SDCard/SDCard.sdk/system_wrapper_hw_platform_0/system_wrapper.bit
targets -set -nocase -filter {name =~"APU*" && jtag_cable_name =~ "Digilent JTAG-SMT2 C305A3E6ABCD"} -index 0
loadhw -hw E:/zynq_project/SDCard/SDCard/SDCard.sdk/system_wrapper_hw_platform_0/system.hdf -mem-ranges [list {0x40000000 0xbfffffff}]
configparams force-mem-access 1
targets -set -nocase -filter {name =~"APU*" && jtag_cable_name =~ "Digilent JTAG-SMT2 C305A3E6ABCD"} -index 0
ps7_init
ps7_post_config
targets -set -nocase -filter {name =~ "ARM*#0" && jtag_cable_name =~ "Digilent JTAG-SMT2 C305A3E6ABCD"} -index 0
dow E:/zynq_project/SDCard/SDCard/SDCard.sdk/demo/Debug/demo.elf
configparams force-mem-access 0
----------------End of Script----------------

21:39:19 INFO  : Memory regions updated for context APU
21:39:20 INFO  : Context for processor 'ps7_cortexa9_0' is selected.
21:39:20 INFO  : 'con' command is executed.
21:39:20 INFO  : ----------------XSDB Script (After Launch)----------------
targets -set -nocase -filter {name =~ "ARM*#0" && jtag_cable_name =~ "Digilent JTAG-SMT2 C305A3E6ABCD"} -index 0
con
----------------End of Script----------------

21:39:20 INFO  : Launch script is exported to file 'E:\zynq_project\SDCard\SDCard\SDCard.sdk\.sdk\launch_scripts\xilinx_c-c++_application_(system_debugger)\system_debugger_on_local.tcl'
21:40:02 INFO  : Disconnected from the channel tcfchan#1.
21:40:03 INFO  : Connected to target on host '127.0.0.1' and port '3121'.
21:40:03 INFO  : Jtag cable 'Digilent JTAG-SMT2 C305A3E6ABCD' is selected.
21:40:03 INFO  : 'jtag frequency' command is executed.
21:40:03 INFO  : Sourcing of 'E:/zynq_project/SDCard/SDCard/SDCard.sdk/system_wrapper_hw_platform_0/ps7_init.tcl' is done.
21:40:03 INFO  : Context for 'APU' is selected.
21:40:04 INFO  : System reset is completed.
21:40:07 INFO  : 'after 3000' command is executed.
21:40:07 INFO  : 'targets -set -filter {jtag_cable_name =~ "Digilent JTAG-SMT2 C305A3E6ABCD" && level==0} -index 1' command is executed.
21:40:08 INFO  : FPGA configured successfully with bitstream "E:/zynq_project/SDCard/SDCard/SDCard.sdk/system_wrapper_hw_platform_0/system_wrapper.bit"
21:40:08 INFO  : Context for 'APU' is selected.
21:40:09 INFO  : Hardware design information is loaded from 'E:/zynq_project/SDCard/SDCard/SDCard.sdk/system_wrapper_hw_platform_0/system.hdf'.
21:40:09 INFO  : 'configparams force-mem-access 1' command is executed.
21:40:09 INFO  : Context for 'APU' is selected.
21:40:09 INFO  : 'ps7_init' command is executed.
21:40:09 INFO  : 'ps7_post_config' command is executed.
21:40:09 INFO  : Context for processor 'ps7_cortexa9_0' is selected.
21:40:10 INFO  : The application 'E:/zynq_project/SDCard/SDCard/SDCard.sdk/demo/Debug/demo.elf' is downloaded to processor 'ps7_cortexa9_0'.
21:40:10 INFO  : 'configparams force-mem-access 0' command is executed.
21:40:10 INFO  : ----------------XSDB Script----------------
connect -url tcp:127.0.0.1:3121
source E:/zynq_project/SDCard/SDCard/SDCard.sdk/system_wrapper_hw_platform_0/ps7_init.tcl
targets -set -nocase -filter {name =~"APU*" && jtag_cable_name =~ "Digilent JTAG-SMT2 C305A3E6ABCD"} -index 0
rst -system
after 3000
targets -set -filter {jtag_cable_name =~ "Digilent JTAG-SMT2 C305A3E6ABCD" && level==0} -index 1
fpga -file E:/zynq_project/SDCard/SDCard/SDCard.sdk/system_wrapper_hw_platform_0/system_wrapper.bit
targets -set -nocase -filter {name =~"APU*" && jtag_cable_name =~ "Digilent JTAG-SMT2 C305A3E6ABCD"} -index 0
loadhw -hw E:/zynq_project/SDCard/SDCard/SDCard.sdk/system_wrapper_hw_platform_0/system.hdf -mem-ranges [list {0x40000000 0xbfffffff}]
configparams force-mem-access 1
targets -set -nocase -filter {name =~"APU*" && jtag_cable_name =~ "Digilent JTAG-SMT2 C305A3E6ABCD"} -index 0
ps7_init
ps7_post_config
targets -set -nocase -filter {name =~ "ARM*#0" && jtag_cable_name =~ "Digilent JTAG-SMT2 C305A3E6ABCD"} -index 0
dow E:/zynq_project/SDCard/SDCard/SDCard.sdk/demo/Debug/demo.elf
configparams force-mem-access 0
----------------End of Script----------------

21:40:10 INFO  : Memory regions updated for context APU
21:40:10 INFO  : Context for processor 'ps7_cortexa9_0' is selected.
21:40:10 INFO  : 'con' command is executed.
21:40:10 INFO  : ----------------XSDB Script (After Launch)----------------
targets -set -nocase -filter {name =~ "ARM*#0" && jtag_cable_name =~ "Digilent JTAG-SMT2 C305A3E6ABCD"} -index 0
con
----------------End of Script----------------

21:40:10 INFO  : Launch script is exported to file 'E:\zynq_project\SDCard\SDCard\SDCard.sdk\.sdk\launch_scripts\xilinx_c-c++_application_(system_debugger)\system_debugger_on_local.tcl'
21:54:48 INFO  : Disconnected from the channel tcfchan#2.
21:54:49 INFO  : Connected to target on host '127.0.0.1' and port '3121'.
21:54:49 INFO  : Jtag cable 'Digilent JTAG-SMT2 C305A3E6ABCD' is selected.
21:54:49 INFO  : 'jtag frequency' command is executed.
21:54:49 INFO  : Sourcing of 'E:/zynq_project/SDCard/SDCard/SDCard.sdk/system_wrapper_hw_platform_0/ps7_init.tcl' is done.
21:54:49 INFO  : Context for 'APU' is selected.
21:54:50 INFO  : System reset is completed.
21:54:53 INFO  : 'after 3000' command is executed.
21:54:53 INFO  : 'targets -set -filter {jtag_cable_name =~ "Digilent JTAG-SMT2 C305A3E6ABCD" && level==0} -index 1' command is executed.
21:54:54 INFO  : FPGA configured successfully with bitstream "E:/zynq_project/SDCard/SDCard/SDCard.sdk/system_wrapper_hw_platform_0/system_wrapper.bit"
21:54:54 INFO  : Context for 'APU' is selected.
21:54:55 INFO  : Hardware design information is loaded from 'E:/zynq_project/SDCard/SDCard/SDCard.sdk/system_wrapper_hw_platform_0/system.hdf'.
21:54:55 INFO  : 'configparams force-mem-access 1' command is executed.
21:54:55 INFO  : Context for 'APU' is selected.
21:54:55 INFO  : 'ps7_init' command is executed.
21:54:55 INFO  : 'ps7_post_config' command is executed.
21:54:55 INFO  : Context for processor 'ps7_cortexa9_0' is selected.
21:54:56 INFO  : The application 'E:/zynq_project/SDCard/SDCard/SDCard.sdk/demo/Debug/demo.elf' is downloaded to processor 'ps7_cortexa9_0'.
21:54:56 INFO  : 'configparams force-mem-access 0' command is executed.
21:54:56 INFO  : ----------------XSDB Script----------------
connect -url tcp:127.0.0.1:3121
source E:/zynq_project/SDCard/SDCard/SDCard.sdk/system_wrapper_hw_platform_0/ps7_init.tcl
targets -set -nocase -filter {name =~"APU*" && jtag_cable_name =~ "Digilent JTAG-SMT2 C305A3E6ABCD"} -index 0
rst -system
after 3000
targets -set -filter {jtag_cable_name =~ "Digilent JTAG-SMT2 C305A3E6ABCD" && level==0} -index 1
fpga -file E:/zynq_project/SDCard/SDCard/SDCard.sdk/system_wrapper_hw_platform_0/system_wrapper.bit
targets -set -nocase -filter {name =~"APU*" && jtag_cable_name =~ "Digilent JTAG-SMT2 C305A3E6ABCD"} -index 0
loadhw -hw E:/zynq_project/SDCard/SDCard/SDCard.sdk/system_wrapper_hw_platform_0/system.hdf -mem-ranges [list {0x40000000 0xbfffffff}]
configparams force-mem-access 1
targets -set -nocase -filter {name =~"APU*" && jtag_cable_name =~ "Digilent JTAG-SMT2 C305A3E6ABCD"} -index 0
ps7_init
ps7_post_config
targets -set -nocase -filter {name =~ "ARM*#0" && jtag_cable_name =~ "Digilent JTAG-SMT2 C305A3E6ABCD"} -index 0
dow E:/zynq_project/SDCard/SDCard/SDCard.sdk/demo/Debug/demo.elf
configparams force-mem-access 0
----------------End of Script----------------

21:54:56 INFO  : Memory regions updated for context APU
21:54:56 INFO  : Context for processor 'ps7_cortexa9_0' is selected.
21:54:56 INFO  : 'con' command is executed.
21:54:56 INFO  : ----------------XSDB Script (After Launch)----------------
targets -set -nocase -filter {name =~ "ARM*#0" && jtag_cable_name =~ "Digilent JTAG-SMT2 C305A3E6ABCD"} -index 0
con
----------------End of Script----------------

21:54:56 INFO  : Launch script is exported to file 'E:\zynq_project\SDCard\SDCard\SDCard.sdk\.sdk\launch_scripts\xilinx_c-c++_application_(system_debugger)\system_debugger_on_local.tcl'
21:57:33 INFO  : Disconnected from the channel tcfchan#3.
09:52:49 INFO  : Registering command handlers for SDK TCF services
09:52:49 INFO  : Launching XSCT server: xsct.bat -interactive E:\zynq_project\SDCard\SDCard\SDCard.sdk\temp_xsdb_launch_script.tcl
09:52:50 INFO  : XSCT server has started successfully.
09:52:50 INFO  : Successfully done setting XSCT server connection channel  
09:52:50 INFO  : Successfully done setting SDK workspace  
09:52:50 INFO  : Processing command line option -hwspec E:/zynq_project/SDCard/SDCard/SDCard.sdk/system_wrapper.hdf.
09:52:50 INFO  : Checking for hwspec changes in the project system_wrapper_hw_platform_0.
10:49:14 INFO  : Registering command handlers for SDK TCF services
10:49:15 INFO  : Launching XSCT server: xsct.bat -interactive E:\zynq_project\SDCard\SDCard\SDCard.sdk\temp_xsdb_launch_script.tcl
10:49:16 INFO  : XSCT server has started successfully.
10:49:16 INFO  : Successfully done setting XSCT server connection channel  
10:49:16 INFO  : Successfully done setting SDK workspace  
