#-----------------------------------------------------------
# Vivado v2019.1 (64-bit)
# SW Build 2552052 on Fri May 24 14:49:42 MDT 2019
# IP Build 2548770 on Fri May 24 18:01:18 MDT 2019
# Start of session at: Mon Sep  9 22:22:36 2024
# Process ID: 22700
# Current directory: E:/zynq_project/SDCard/SDCard
# Command line: vivado.exe -gui_launcher_event rodinguilauncherevent9504 E:\zynq_project\SDCard\SDCard\SDCard.xpr
# Log file: E:/zynq_project/SDCard/SDCard/vivado.log
# Journal file: E:/zynq_project/SDCard/SDCard\vivado.jou
#-----------------------------------------------------------
Sourcing tcl script 'D:/Xilinx/Vivado/2019.1/scripts/Vivado_init.tcl'
start_gui
open_project E:/zynq_project/SDCard/SDCard/SDCard.xpr
Scanning sources...
Finished scanning sources
INFO: [IP_Flow 19-234] Refreshing IP repositories
INFO: [IP_Flow 19-1704] No user IP repositories specified
INFO: [IP_Flow 19-2313] Loaded Vivado IP repository 'D:/Xilinx/Vivado/2019.1/data/ip'.
open_project: Time (s): cpu = 00:00:09 ; elapsed = 00:00:07 . Memory (MB): peak = 881.816 ; gain = 195.832
update_compile_order -fileset sources_1
open_bd_design {E:/zynq_project/SDCard/SDCard/SDCard.srcs/sources_1/bd/system/system.bd}
Adding component instance block -- xilinx.com:ip:processing_system7:5.5 - processing_system7_0
Adding component instance block -- xilinx.com:ip:axi_gpio:2.0 - axi_gpio_0
Adding component instance block -- xilinx.com:ip:axi_interconnect:2.1 - ps7_0_axi_periph
Adding component instance block -- xilinx.com:ip:axi_crossbar:2.1 - xbar
Adding component instance block -- xilinx.com:ip:axi_protocol_converter:2.1 - auto_pc
Adding component instance block -- xilinx.com:ip:proc_sys_reset:5.0 - rst_ps7_0_50M
Adding component instance block -- xilinx.com:ip:axi_timer:2.0 - axi_timer_0
Adding component instance block -- xilinx.com:ip:axi_uartlite:2.0 - axi_uartlite_0
Adding component instance block -- xilinx.com:ip:xlconcat:2.1 - xlconcat_0
Successfully read diagram <system> from BD file <E:/zynq_project/SDCard/SDCard/SDCard.srcs/sources_1/bd/system/system.bd>
WARNING: [IP_Flow 19-474] Invalid Parameter 'Component_Name'
startgroup
set_property -dict [list CONFIG.PCW_QSPI_PERIPHERAL_ENABLE {1}] [get_bd_cells processing_system7_0]
endgroup
validate_bd_design
WARNING: [IP_Flow 19-474] Invalid Parameter 'Component_Name'
save_bd_design
Wrote  : <E:\zynq_project\SDCard\SDCard\SDCard.srcs\sources_1\bd\system\system.bd> 
Wrote  : <E:/zynq_project/SDCard/SDCard/SDCard.srcs/sources_1/bd/system/ui/bd_c954508f.ui> 
generate_target all [get_files  E:/zynq_project/SDCard/SDCard/SDCard.srcs/sources_1/bd/system/system.bd]
INFO: [BD 41-1662] The design 'system.bd' is already validated. Therefore parameter propagation will not be re-run.
VHDL Output written to : E:/zynq_project/SDCard/SDCard/SDCard.srcs/sources_1/bd/system/synth/system.v
VHDL Output written to : E:/zynq_project/SDCard/SDCard/SDCard.srcs/sources_1/bd/system/sim/system.v
VHDL Output written to : E:/zynq_project/SDCard/SDCard/SDCard.srcs/sources_1/bd/system/hdl/system_wrapper.v
INFO: [BD 41-1029] Generation completed for the IP Integrator block processing_system7_0 .
INFO: [BD 41-1029] Generation completed for the IP Integrator block axi_gpio_0 .
INFO: [BD 41-1029] Generation completed for the IP Integrator block rst_ps7_0_50M .
INFO: [BD 41-1029] Generation completed for the IP Integrator block ps7_0_axi_periph/xbar .
INFO: [BD 41-1029] Generation completed for the IP Integrator block axi_timer_0 .
INFO: [BD 41-1029] Generation completed for the IP Integrator block axi_uartlite_0 .
INFO: [BD 41-1029] Generation completed for the IP Integrator block xlconcat_0 .
WARNING: [IP_Flow 19-4994] Overwriting existing constraint file 'e:/zynq_project/SDCard/SDCard/SDCard.srcs/sources_1/bd/system/ip/system_auto_pc_0/system_auto_pc_0_ooc.xdc'
INFO: [BD 41-1029] Generation completed for the IP Integrator block ps7_0_axi_periph/s00_couplers/auto_pc .
Exporting to file E:/zynq_project/SDCard/SDCard/SDCard.srcs/sources_1/bd/system/hw_handoff/system.hwh
Generated Block Design Tcl file E:/zynq_project/SDCard/SDCard/SDCard.srcs/sources_1/bd/system/hw_handoff/system_bd.tcl
Generated Hardware Definition File E:/zynq_project/SDCard/SDCard/SDCard.srcs/sources_1/bd/system/synth/system.hwdef
generate_target: Time (s): cpu = 00:00:10 ; elapsed = 00:00:09 . Memory (MB): peak = 1244.520 ; gain = 185.910
catch { config_ip_cache -export [get_ips -all system_processing_system7_0_0] }
catch { config_ip_cache -export [get_ips -all system_auto_pc_0] }
INFO: [IP_Flow 19-4993] Using cached IP synthesis design for IP system_auto_pc_0, cache-ID = 35918def8a20cc0e; cache size = 8.042 MB.
export_ip_user_files -of_objects [get_files E:/zynq_project/SDCard/SDCard/SDCard.srcs/sources_1/bd/system/system.bd] -no_script -sync -force -quiet
create_ip_run [get_files -of_objects [get_fileset sources_1] E:/zynq_project/SDCard/SDCard/SDCard.srcs/sources_1/bd/system/system.bd]
launch_runs -jobs 10 system_processing_system7_0_0_synth_1
[Mon Sep  9 22:48:04 2024] Launched system_processing_system7_0_0_synth_1...
Run output will be captured here: E:/zynq_project/SDCard/SDCard/SDCard.runs/system_processing_system7_0_0_synth_1/runme.log
export_simulation -of_objects [get_files E:/zynq_project/SDCard/SDCard/SDCard.srcs/sources_1/bd/system/system.bd] -directory E:/zynq_project/SDCard/SDCard/SDCard.ip_user_files/sim_scripts -ip_user_files_dir E:/zynq_project/SDCard/SDCard/SDCard.ip_user_files -ipstatic_source_dir E:/zynq_project/SDCard/SDCard/SDCard.ip_user_files/ipstatic -lib_map_path [list {modelsim=E:/zynq_project/SDCard/SDCard/SDCard.cache/compile_simlib/modelsim} {questa=E:/zynq_project/SDCard/SDCard/SDCard.cache/compile_simlib/questa} {riviera=E:/zynq_project/SDCard/SDCard/SDCard.cache/compile_simlib/riviera} {activehdl=E:/zynq_project/SDCard/SDCard/SDCard.cache/compile_simlib/activehdl}] -use_ip_compiled_libs -force -quiet
reset_run synth_1
launch_runs impl_1 -to_step write_bitstream -jobs 10
[Mon Sep  9 22:49:09 2024] Launched synth_1...
Run output will be captured here: E:/zynq_project/SDCard/SDCard/SDCard.runs/synth_1/runme.log
[Mon Sep  9 22:49:09 2024] Launched impl_1...
Run output will be captured here: E:/zynq_project/SDCard/SDCard/SDCard.runs/impl_1/runme.log
INFO: [Vivado 12-4158] Exported Hardware file is out of date. Exported hardware information may be inconsistent with respect to the current state of the design. It is recommended that you re-export the design and launch SDK otherwise SDK is launched with out of date hardware system file.
launch_sdk -workspace E:/zynq_project/SDCard/SDCard/SDCard.sdk -hwspec E:/zynq_project/SDCard/SDCard/SDCard.sdk/system_wrapper.hdf
INFO: [Vivado 12-393] Launching SDK...
INFO: [Vivado 12-417] Running xsdk -workspace E:/zynq_project/SDCard/SDCard/SDCard.sdk -hwspec E:/zynq_project/SDCard/SDCard/SDCard.sdk/system_wrapper.hdf
INFO: [Vivado 12-3157] SDK launch initiated. Please check console for any further messages.
file copy -force E:/zynq_project/SDCard/SDCard/SDCard.runs/impl_1/system_wrapper.sysdef E:/zynq_project/SDCard/SDCard/SDCard.sdk/system_wrapper.hdf

file mkdir E:/zynq_project/SDCard/SDCard/SDCard.sdk
file copy -force E:/zynq_project/SDCard/SDCard/SDCard.runs/impl_1/system_wrapper.sysdef E:/zynq_project/SDCard/SDCard/SDCard.sdk/system_wrapper.hdf

launch_sdk -workspace E:/zynq_project/SDCard/SDCard/SDCard.sdk -hwspec E:/zynq_project/SDCard/SDCard/SDCard.sdk/system_wrapper.hdf
INFO: [Vivado 12-393] Launching SDK...
INFO: [Vivado 12-417] Running xsdk -workspace E:/zynq_project/SDCard/SDCard/SDCard.sdk -hwspec E:/zynq_project/SDCard/SDCard/SDCard.sdk/system_wrapper.hdf
INFO: [Vivado 12-3157] SDK launch initiated. Please check console for any further messages.
exit
INFO: [Common 17-206] Exiting Vivado at Tue Sep 10 09:11:28 2024...
